# JRE version: Java(TM) SE Runtime Environment (8.0_241-b07) (build 1.8.0_241-b07)
# Java VM: Java HotSpot(TM) 64-Bit Server VM (25.241-b07 mixed mode windows-amd64 compressed oops)
Heap:
 PSYoungGen      total 239616K, used 239543K [0x00000000d5580000, 0x00000000e6480000, 0x0000000100000000)
  eden space 216064K, 100% used [0x00000000d5580000,0x00000000e2880000,0x00000000e2880000)
  from space 23552K, 99% used [0x00000000e4d80000,0x00000000e646dee0,0x00000000e6480000)
  to   space 28672K, 99% used [0x00000000e2c80000,0x00000000e487c040,0x00000000e4880000)
 ParOldGen       total 263680K, used 63743K [0x0000000080000000, 0x0000000090180000, 0x00000000d5580000)
  object space 263680K, 24% used [0x0000000080000000,0x0000000083e41f50,0x0000000090180000)
 Metaspace       used 66769K, capacity 71390K, committed 71552K, reserved 1110016K
  class space    used 9345K, capacity 10550K, committed 10624K, reserved 1048576K
GC Heap History (10 events):
Event: 5.804 GC heap before
{Heap before GC invocations=9 (full 2):
 PSYoungGen      total 143360K, used 128512K [0x00000000d5580000, 0x00000000e2900000, 0x0000000100000000)
  eden space 128512K, 100% used [0x00000000d5580000,0x00000000dd300000,0x00000000dd300000)
  from space 14848K, 0% used [0x00000000de180000,0x00000000de180000,0x00000000df000000)
  to   space 14848K, 0% used [0x00000000dd300000,0x00000000dd300000,0x00000000de180000)
 ParOldGen       total 176640K, used 17343K [0x0000000080000000, 0x000000008ac80000, 0x00000000d5580000)
  object space 176640K, 9% used [0x0000000080000000,0x00000000810efd20,0x000000008ac80000)
 Metaspace       used 45358K, capacity 46800K, committed 46848K, reserved 1089536K
  class space    used 6237K, capacity 6643K, committed 6656K, reserved 1048576K
Event: 5.815 GC heap after
Heap after GC invocations=9 (full 2):
 PSYoungGen      total 143360K, used 14826K [0x00000000d5580000, 0x00000000e2e00000, 0x0000000100000000)
  eden space 128512K, 0% used [0x00000000d5580000,0x00000000d5580000,0x00000000dd300000)
  from space 14848K, 99% used [0x00000000dd300000,0x00000000de17ab48,0x00000000de180000)
  to   space 17920K, 0% used [0x00000000e1c80000,0x00000000e1c80000,0x00000000e2e00000)
 ParOldGen       total 176640K, used 20285K [0x0000000080000000, 0x000000008ac80000, 0x00000000d5580000)
  object space 176640K, 11% used [0x0000000080000000,0x00000000813cf758,0x000000008ac80000)
 Metaspace       used 45358K, capacity 46800K, committed 46848K, reserved 1089536K
  class space    used 6237K, capacity 6643K, committed 6656K, reserved 1048576K
}
Event: 8.864 GC heap before
{Heap before GC invocations=10 (full 2):
 PSYoungGen      total 143360K, used 143338K [0x00000000d5580000, 0x00000000e2e00000, 0x0000000100000000)
  eden space 128512K, 100% used [0x00000000d5580000,0x00000000dd300000,0x00000000dd300000)
  from space 14848K, 99% used [0x00000000dd300000,0x00000000de17ab48,0x00000000de180000)
  to   space 17920K, 0% used [0x00000000e1c80000,0x00000000e1c80000,0x00000000e2e00000)
 ParOldGen       total 176640K, used 20285K [0x0000000080000000, 0x000000008ac80000, 0x00000000d5580000)
  object space 176640K, 11% used [0x0000000080000000,0x00000000813cf758,0x000000008ac80000)
 Metaspace       used 52383K, capacity 54412K, committed 54656K, reserved 1095680K
  class space    used 7273K, capacity 7787K, committed 7808K, reserved 1048576K
Event: 8.876 GC heap after
Heap after GC invocations=10 (full 2):
 PSYoungGen      total 198144K, used 17919K [0x00000000d5580000, 0x00000000e3080000, 0x0000000100000000)
  eden space 180224K, 0% used [0x00000000d5580000,0x00000000d5580000,0x00000000e0580000)
  from space 17920K, 99% used [0x00000000e1c80000,0x00000000e2dffc18,0x00000000e2e00000)
  to   space 22016K, 0% used [0x00000000e0580000,0x00000000e0580000,0x00000000e1b00000)
 ParOldGen       total 176640K, used 23756K [0x0000000080000000, 0x000000008ac80000, 0x00000000d5580000)
  object space 176640K, 13% used [0x0000000080000000,0x00000000817332b8,0x000000008ac80000)
 Metaspace       used 52383K, capacity 54412K, committed 54656K, reserved 1095680K
  class space    used 7273K, capacity 7787K, committed 7808K, reserved 1048576K
}
Event: 9.728 GC heap before
{Heap before GC invocations=11 (full 2):
 PSYoungGen      total 198144K, used 111966K [0x00000000d5580000, 0x00000000e3080000, 0x0000000100000000)
  eden space 180224K, 52% used [0x00000000d5580000,0x00000000db157e50,0x00000000e0580000)
  from space 17920K, 99% used [0x00000000e1c80000,0x00000000e2dffc18,0x00000000e2e00000)
  to   space 22016K, 0% used [0x00000000e0580000,0x00000000e0580000,0x00000000e1b00000)
 ParOldGen       total 176640K, used 23756K [0x0000000080000000, 0x000000008ac80000, 0x00000000d5580000)
  object space 176640K, 13% used [0x0000000080000000,0x00000000817332b8,0x000000008ac80000)
 Metaspace       used 56754K, capacity 59128K, committed 59160K, reserved 1099776K
  class space    used 7910K, capacity 8548K, committed 8576K, reserved 1048576K
Event: 9.742 GC heap after
Heap after GC invocations=11 (full 2):
 PSYoungGen      total 202240K, used 21993K [0x00000000d5580000, 0x00000000e6700000, 0x0000000100000000)
  eden space 180224K, 0% used [0x00000000d5580000,0x00000000d5580000,0x00000000e0580000)
  from space 22016K, 99% used [0x00000000e0580000,0x00000000e1afa530,0x00000000e1b00000)
  to   space 26112K, 0% used [0x00000000e4d80000,0x00000000e4d80000,0x00000000e6700000)
 ParOldGen       total 176640K, used 27303K [0x0000000080000000, 0x000000008ac80000, 0x00000000d5580000)
  object space 176640K, 15% used [0x0000000080000000,0x0000000081aa9ca8,0x000000008ac80000)
 Metaspace       used 56754K, capacity 59128K, committed 59160K, reserved 1099776K
  class space    used 7910K, capacity 8548K, committed 8576K, reserved 1048576K
}
Event: 9.742 GC heap before
{Heap before GC invocations=12 (full 3):
 PSYoungGen      total 202240K, used 21993K [0x00000000d5580000, 0x00000000e6700000, 0x0000000100000000)
  eden space 180224K, 0% used [0x00000000d5580000,0x00000000d5580000,0x00000000e0580000)
  from space 22016K, 99% used [0x00000000e0580000,0x00000000e1afa530,0x00000000e1b00000)
  to   space 26112K, 0% used [0x00000000e4d80000,0x00000000e4d80000,0x00000000e6700000)
 ParOldGen       total 176640K, used 27303K [0x0000000080000000, 0x000000008ac80000, 0x00000000d5580000)
  object space 176640K, 15% used [0x0000000080000000,0x0000000081aa9ca8,0x000000008ac80000)
 Metaspace       used 56754K, capacity 59128K, committed 59160K, reserved 1099776K
  class space    used 7910K, capacity 8548K, committed 8576K, reserved 1048576K
Event: 9.908 GC heap after
Heap after GC invocations=12 (full 3):
 PSYoungGen      total 202240K, used 0K [0x00000000d5580000, 0x00000000e6700000, 0x0000000100000000)
  eden space 180224K, 0% used [0x00000000d5580000,0x00000000d5580000,0x00000000e0580000)
  from space 22016K, 0% used [0x00000000e0580000,0x00000000e0580000,0x00000000e1b00000)
  to   space 26112K, 0% used [0x00000000e4d80000,0x00000000e4d80000,0x00000000e6700000)
 ParOldGen       total 263680K, used 40336K [0x0000000080000000, 0x0000000090180000, 0x00000000d5580000)
  object space 263680K, 15% used [0x0000000080000000,0x00000000827641c0,0x0000000090180000)
 Metaspace       used 56700K, capacity 58948K, committed 59160K, reserved 1099776K
  class space    used 7893K, capacity 8518K, committed 8576K, reserved 1048576K
}
Event: 12.258 GC heap before
{Heap before GC invocations=13 (full 3):
 PSYoungGen      total 202240K, used 180224K [0x00000000d5580000, 0x00000000e6700000, 0x0000000100000000)
  eden space 180224K, 100% used [0x00000000d5580000,0x00000000e0580000,0x00000000e0580000)
  from space 22016K, 0% used [0x00000000e0580000,0x00000000e0580000,0x00000000e1b00000)
  to   space 26112K, 0% used [0x00000000e4d80000,0x00000000e4d80000,0x00000000e6700000)
 ParOldGen       total 263680K, used 40336K [0x0000000080000000, 0x0000000090180000, 0x00000000d5580000)
  object space 263680K, 15% used [0x0000000080000000,0x00000000827641c0,0x0000000090180000)
 Metaspace       used 63184K, capacity 66780K, committed 66944K, reserved 1105920K
  class space    used 8895K, capacity 9849K, committed 9856K, reserved 1048576K
Event: 12.273 GC heap after
Heap after GC invocations=13 (full 3):
 PSYoungGen      total 239616K, used 23479K [0x00000000d5580000, 0x00000000e6480000, 0x0000000100000000)
  eden space 216064K, 0% used [0x00000000d5580000,0x00000000d5580000,0x00000000e2880000)
  from space 23552K, 99% used [0x00000000e4d80000,0x00000000e646dee0,0x00000000e6480000)
  to   space 28672K, 0% used [0x00000000e2c80000,0x00000000e2c80000,0x00000000e4880000)
 ParOldGen       total 263680K, used 40344K [0x0000000080000000, 0x0000000090180000, 0x00000000d5580000)
  object space 263680K, 15% used [0x0000000080000000,0x00000000827661c0,0x0000000090180000)
 Metaspace       used 63184K, capacity 66780K, committed 66944K, reserved 1105920K
  class space    used 8895K, capacity 9849K, committed 9856K, reserved 1048576K
}

