# JRE version: Java(TM) SE Runtime Environment (8.0_241-b07) (build 1.8.0_241-b07)
# Java VM: Java HotSpot(TM) 64-Bit Server VM (25.241-b07 mixed mode windows-amd64 compressed oops)
Heap:
 PSYoungGen      total 396800K, used 232280K [0x00000000d5580000, 0x00000000f6c00000, 0x0000000100000000)
  eden space 322048K, 64% used [0x00000000d5580000,0x00000000e2053b20,0x00000000e9000000)
  from space 74752K, 32% used [0x00000000e9000000,0x00000000ea802770,0x00000000ed900000)
  to   space 72192K, 0% used [0x00000000f2580000,0x00000000f2580000,0x00000000f6c00000)
 ParOldGen       total 265728K, used 145320K [0x0000000080000000, 0x0000000090380000, 0x00000000d5580000)
  object space 265728K, 54% used [0x0000000080000000,0x0000000088dea300,0x0000000090380000)
 Metaspace       used 86212K, capacity 92322K, committed 92416K, reserved 1128448K
  class space    used 11581K, capacity 12990K, committed 13056K, reserved 1048576K
GC Heap History (10 events):
Event: 49.864 GC heap before
{Heap before GC invocations=18 (full 3):
 PSYoungGen      total 260096K, used 260080K [0x00000000d5580000, 0x00000000e9880000, 0x0000000100000000)
  eden space 212480K, 100% used [0x00000000d5580000,0x00000000e2500000,0x00000000e2500000)
  from space 47616K, 99% used [0x00000000e5b80000,0x00000000e89fc2d0,0x00000000e8a00000)
  to   space 55808K, 0% used [0x00000000e2500000,0x00000000e2500000,0x00000000e5b80000)
 ParOldGen       total 265728K, used 75931K [0x0000000080000000, 0x0000000090380000, 0x00000000d5580000)
  object space 265728K, 28% used [0x0000000080000000,0x0000000084a26f48,0x0000000090380000)
 Metaspace       used 81799K, capacity 87520K, committed 87680K, reserved 1124352K
  class space    used 11315K, capacity 12635K, committed 12672K, reserved 1048576K
Event: 49.897 GC heap after
Heap after GC invocations=18 (full 3):
 PSYoungGen      total 268288K, used 55776K [0x00000000d5580000, 0x00000000edc00000, 0x0000000100000000)
  eden space 212480K, 0% used [0x00000000d5580000,0x00000000d5580000,0x00000000e2500000)
  from space 55808K, 99% used [0x00000000e2500000,0x00000000e5b783d0,0x00000000e5b80000)
  to   space 67584K, 0% used [0x00000000e9a00000,0x00000000e9a00000,0x00000000edc00000)
 ParOldGen       total 265728K, used 84568K [0x0000000080000000, 0x0000000090380000, 0x00000000d5580000)
  object space 265728K, 31% used [0x0000000080000000,0x0000000085296360,0x0000000090380000)
 Metaspace       used 81799K, capacity 87520K, committed 87680K, reserved 1124352K
  class space    used 11315K, capacity 12635K, committed 12672K, reserved 1048576K
}
Event: 53.040 GC heap before
{Heap before GC invocations=19 (full 3):
 PSYoungGen      total 268288K, used 268256K [0x00000000d5580000, 0x00000000edc00000, 0x0000000100000000)
  eden space 212480K, 100% used [0x00000000d5580000,0x00000000e2500000,0x00000000e2500000)
  from space 55808K, 99% used [0x00000000e2500000,0x00000000e5b783d0,0x00000000e5b80000)
  to   space 67584K, 0% used [0x00000000e9a00000,0x00000000e9a00000,0x00000000edc00000)
 ParOldGen       total 265728K, used 84568K [0x0000000080000000, 0x0000000090380000, 0x00000000d5580000)
  object space 265728K, 31% used [0x0000000080000000,0x0000000085296360,0x0000000090380000)
 Metaspace       used 83678K, capacity 89400K, committed 89600K, reserved 1126400K
  class space    used 11412K, capacity 12747K, committed 12800K, reserved 1048576K
Event: 53.110 GC heap after
Heap after GC invocations=19 (full 3):
 PSYoungGen      total 322560K, used 64966K [0x00000000d5580000, 0x00000000eff00000, 0x0000000100000000)
  eden space 254976K, 0% used [0x00000000d5580000,0x00000000d5580000,0x00000000e4e80000)
  from space 67584K, 96% used [0x00000000e9a00000,0x00000000ed9719f8,0x00000000edc00000)
  to   space 77312K, 0% used [0x00000000e4e80000,0x00000000e4e80000,0x00000000e9a00000)
 ParOldGen       total 265728K, used 95409K [0x0000000080000000, 0x0000000090380000, 0x00000000d5580000)
  object space 265728K, 35% used [0x0000000080000000,0x0000000085d2c420,0x0000000090380000)
 Metaspace       used 83678K, capacity 89400K, committed 89600K, reserved 1126400K
  class space    used 11412K, capacity 12747K, committed 12800K, reserved 1048576K
}
Event: 55.350 GC heap before
{Heap before GC invocations=20 (full 3):
 PSYoungGen      total 322560K, used 319942K [0x00000000d5580000, 0x00000000eff00000, 0x0000000100000000)
  eden space 254976K, 100% used [0x00000000d5580000,0x00000000e4e80000,0x00000000e4e80000)
  from space 67584K, 96% used [0x00000000e9a00000,0x00000000ed9719f8,0x00000000edc00000)
  to   space 77312K, 0% used [0x00000000e4e80000,0x00000000e4e80000,0x00000000e9a00000)
 ParOldGen       total 265728K, used 95409K [0x0000000080000000, 0x0000000090380000, 0x00000000d5580000)
  object space 265728K, 35% used [0x0000000080000000,0x0000000085d2c420,0x0000000090380000)
 Metaspace       used 84934K, capacity 90790K, committed 91008K, reserved 1128448K
  class space    used 11500K, capacity 12870K, committed 12928K, reserved 1048576K
Event: 55.416 GC heap after
Heap after GC invocations=20 (full 3):
 PSYoungGen      total 332288K, used 48409K [0x00000000d5580000, 0x00000000f2880000, 0x0000000100000000)
  eden space 254976K, 0% used [0x00000000d5580000,0x00000000d5580000,0x00000000e4e80000)
  from space 77312K, 62% used [0x00000000e4e80000,0x00000000e7dc64a0,0x00000000e9a00000)
  to   space 79360K, 0% used [0x00000000edb00000,0x00000000edb00000,0x00000000f2880000)
 ParOldGen       total 265728K, used 117968K [0x0000000080000000, 0x0000000090380000, 0x00000000d5580000)
  object space 265728K, 44% used [0x0000000080000000,0x0000000087334020,0x0000000090380000)
 Metaspace       used 84934K, capacity 90790K, committed 91008K, reserved 1128448K
  class space    used 11500K, capacity 12870K, committed 12928K, reserved 1048576K
}
Event: 58.101 GC heap before
{Heap before GC invocations=21 (full 3):
 PSYoungGen      total 332288K, used 303385K [0x00000000d5580000, 0x00000000f2880000, 0x0000000100000000)
  eden space 254976K, 100% used [0x00000000d5580000,0x00000000e4e80000,0x00000000e4e80000)
  from space 77312K, 62% used [0x00000000e4e80000,0x00000000e7dc64a0,0x00000000e9a00000)
  to   space 79360K, 0% used [0x00000000edb00000,0x00000000edb00000,0x00000000f2880000)
 ParOldGen       total 265728K, used 117968K [0x0000000080000000, 0x0000000090380000, 0x00000000d5580000)
  object space 265728K, 44% used [0x0000000080000000,0x0000000087334020,0x0000000090380000)
 Metaspace       used 85365K, capacity 91206K, committed 91520K, reserved 1128448K
  class space    used 11504K, capacity 12874K, committed 12928K, reserved 1048576K
Event: 58.156 GC heap after
Heap after GC invocations=21 (full 3):
 PSYoungGen      total 394752K, used 33582K [0x00000000d5580000, 0x00000000f2200000, 0x0000000100000000)
  eden space 322048K, 0% used [0x00000000d5580000,0x00000000d5580000,0x00000000e9000000)
  from space 72704K, 46% used [0x00000000edb00000,0x00000000efbcb8b8,0x00000000f2200000)
  to   space 74752K, 0% used [0x00000000e9000000,0x00000000e9000000,0x00000000ed900000)
 ParOldGen       total 265728K, used 138264K [0x0000000080000000, 0x0000000090380000, 0x00000000d5580000)
  object space 265728K, 52% used [0x0000000080000000,0x0000000088706288,0x0000000090380000)
 Metaspace       used 85365K, capacity 91206K, committed 91520K, reserved 1128448K
  class space    used 11504K, capacity 12874K, committed 12928K, reserved 1048576K
}
Event: 61.299 GC heap before
{Heap before GC invocations=22 (full 3):
 PSYoungGen      total 394752K, used 355542K [0x00000000d5580000, 0x00000000f2200000, 0x0000000100000000)
  eden space 322048K, 99% used [0x00000000d5580000,0x00000000e8fe9f98,0x00000000e9000000)
  from space 72704K, 46% used [0x00000000edb00000,0x00000000efbcb8b8,0x00000000f2200000)
  to   space 74752K, 0% used [0x00000000e9000000,0x00000000e9000000,0x00000000ed900000)
 ParOldGen       total 265728K, used 138264K [0x0000000080000000, 0x0000000090380000, 0x00000000d5580000)
  object space 265728K, 52% used [0x0000000080000000,0x0000000088706288,0x0000000090380000)
 Metaspace       used 85631K, capacity 91562K, committed 91776K, reserved 1128448K
  class space    used 11512K, capacity 12890K, committed 12928K, reserved 1048576K
Event: 61.328 GC heap after
Heap after GC invocations=22 (full 3):
 PSYoungGen      total 396800K, used 24585K [0x00000000d5580000, 0x00000000f6c00000, 0x0000000100000000)
  eden space 322048K, 0% used [0x00000000d5580000,0x00000000d5580000,0x00000000e9000000)
  from space 74752K, 32% used [0x00000000e9000000,0x00000000ea802770,0x00000000ed900000)
  to   space 72192K, 0% used [0x00000000f2580000,0x00000000f2580000,0x00000000f6c00000)
 ParOldGen       total 265728K, used 145320K [0x0000000080000000, 0x0000000090380000, 0x00000000d5580000)
  object space 265728K, 54% used [0x0000000080000000,0x0000000088dea300,0x0000000090380000)
 Metaspace       used 85631K, capacity 91562K, committed 91776K, reserved 1128448K
  class space    used 11512K, capacity 12890K, committed 12928K, reserved 1048576K
}

